Build started 3/7/2562 9:59:46.
     1>Project "C:\Users\Admin\Desktop\EX4_5\EX4_5\EX4_5.vcxproj" on node 2 (build target(s)).
     1>InitializeBuildStatus:
         Creating "Debug\EX4_5.unsuccessfulbuild" because "AlwaysCreate" was specified.
       ClCompile:
         C:\Program Files (x86)\Microsoft Visual Studio 10.0\VC\bin\CL.exe /c /ZI /nologo /W3 /WX- /Od /Oy- /D WIN32 /D _DEBUG /D _CONSOLE /D _UNICODE /D UNICODE /Gm /EHsc /RTC1 /MDd /GS /fp:precise /Zc:wchar_t /Zc:forScope /Fo"Debug\\" /Fd"Debug\vc100.pdb" /Gd /TP /analyze- /errorReport:prompt EX4_5.cpp
         EX4_5.cpp
     1>c:\users\admin\desktop\ex4_5\ex4_5\ex4_5.cpp(9): warning C4018: '<' : signed/unsigned mismatch
       ManifestResourceCompile:
         All outputs are up-to-date.
       Link:
         C:\Program Files (x86)\Microsoft Visual Studio 10.0\VC\bin\link.exe /ERRORREPORT:PROMPT /OUT:"C:\Users\Admin\Desktop\EX4_5\Debug\EX4_5.exe" /INCREMENTAL /NOLOGO kernel32.lib user32.lib gdi32.lib winspool.lib comdlg32.lib advapi32.lib shell32.lib ole32.lib oleaut32.lib uuid.lib odbc32.lib odbccp32.lib /MANIFEST /ManifestFile:"Debug\EX4_5.exe.intermediate.manifest" /MANIFESTUAC:"level='asInvoker' uiAccess='false'" /DEBUG /PDB:"C:\Users\Admin\Desktop\EX4_5\Debug\EX4_5.pdb" /SUBSYSTEM:CONSOLE /TLBID:1 /DYNAMICBASE /NXCOMPAT /IMPLIB:"C:\Users\Admin\Desktop\EX4_5\Debug\EX4_5.lib" /MACHINE:X86 Debug\EX4_5.exe.embed.manifest.res
         Debug\EX4_5.obj
       Manifest:
         C:\Program Files (x86)\Microsoft SDKs\Windows\v7.0A\bin\mt.exe /nologo /verbose /out:"Debug\EX4_5.exe.embed.manifest" /manifest Debug\EX4_5.exe.intermediate.manifest
         All outputs are up-to-date.
       LinkEmbedManifest:
         All outputs are up-to-date.
         EX4_5.vcxproj -> C:\Users\Admin\Desktop\EX4_5\Debug\EX4_5.exe
       FinalizeBuildStatus:
         Deleting file "Debug\EX4_5.unsuccessfulbuild".
         Touching "Debug\EX4_5.lastbuildstate".
     1>Done Building Project "C:\Users\Admin\Desktop\EX4_5\EX4_5\EX4_5.vcxproj" (build target(s)).

Build succeeded.

Time Elapsed 00:00:00.68
